----------------------------------------
ActivityId: 00000000-0000-0000-0000-000000000000

Timestamp: 2/2/2022 4:04:24 PM

Message: HandlingInstanceID: 8bd87c65-2bc8-4081-ba0c-8ce5bf27d61c
An exception of type 'System.NullReferenceException' occurred and was caught.
-----------------------------------------------------------------------------
02/02/2022 10:04:24
Type : System.NullReferenceException, mscorlib, Version=4.0.0.0, Culture=neutral, PublicKeyToken=b77a5c561934e089
Message : Object reference not set to an instance of an object.
Source : Telerik.Sitefinity
Help link : 
Data : System.Collections.ListDictionaryInternal
TargetSite : Void VerifySectionRegistered(System.Type, System.String)
HResult : -2147467261
Stack Trace :    at Telerik.Sitefinity.Configuration.Config.VerifySectionRegistered(Type sectionType, String sectionName)
   at Telerik.Sitefinity.Configuration.Config.GetSectionInternal(Type sectionType, Boolean safeMode, String sectionName)
   at Telerik.Sitefinity.Configuration.Config.GetSectionPrivate(Type sectionType, Boolean safeMode, String sectionName)
   at Telerik.Sitefinity.Configuration.Config.GetSectionPrivate[TSection](Boolean safeMode)
   at Telerik.Sitefinity.Localization.ResourceManager.get_ProvidersSettings()
   at Telerik.Sitefinity.Data.ManagerBase`1.GetProvidersSettings()
   at Telerik.Sitefinity.Data.ManagerBase`1.Initialize()

Additional Info:

MachineName : DESKTOP-LF3RQ3G
TimeStamp : 2/2/2022 4:04:24 PM
FullName : Telerik.Sitefinity.Utilities, Version=14.0.7727.0, Culture=neutral, PublicKeyToken=b28c218413bdf563
AppDomainName : 69ef2723-4-132882911907170247
ThreadIdentity : AFFIRMA\zwilson
WindowsIdentity : AFFIRMA\zwilson


Category: ErrorLog

Priority: 0

EventId: 90030

Severity: Error

Title:Enterprise Library Exception Handling

Machine: DESKTOP-LF3RQ3G

App Domain: 69ef2723-4-132882911907170247

ProcessId: 21928

Process Name: C:\Program Files (x86)\Microsoft Visual Studio\2019\Professional\Common7\IDE\Microsoft.VisualStudio.Web.Host.exe

Thread Name: 

Win32 ThreadId:24240

Extended Properties: 
----------------------------------------
