----------------------------------------
ActivityId: 00000000-0000-0000-0000-000000000000

Timestamp: 2/22/2022 6:05:13 PM

Message: HandlingInstanceID: fe778c08-fbeb-43c5-b103-dfc25abb0263
An exception of type 'Telerik.Sitefinity.Modules.Pages.Web.Services.ContentLockedException' occurred and was caught.
--------------------------------------------------------------------------------------------------------------------
02/22/2022 12:05:13
Type : Telerik.Sitefinity.Modules.Pages.Web.Services.ContentLockedException, Telerik.Sitefinity, Version=14.0.7727.0, Culture=neutral, PublicKeyToken=b28c218413bdf563
Message : Deleted: 00000000-0000-0000-0000-000000000000:DiscardTemplateDraft
Source : Telerik.Sitefinity
Help link : 
StatusCode : InternalServerError
StatusDescription : Deleted: 00000000-0000-0000-0000-000000000000:DiscardTemplateDraft
IsDetailXhtml : False
Data : System.Collections.ListDictionaryInternal
TargetSite : Void ThrowExceptionIfLocked(System.Guid, Telerik.Sitefinity.Modules.Pages.DesignMediaType, System.String, Boolean)
HResult : -2146233087
detailWriterInstance : Telerik.Sitefinity.Utilities.MS.ServiceModel.Web.WebProtocolException+DataContractDetailWriter
Stack Trace :    at Telerik.Sitefinity.Modules.Pages.Web.Services.ZoneEditorValidationExtensions.ThrowExceptionIfLocked(Guid pageId, DesignMediaType mediaType, String operationName, Boolean checkLive)
   at Telerik.Sitefinity.Modules.Pages.Web.Services.ZoneEditorValidationExtensions.ValidateChange(Guid pageId, DesignMediaType mediaType, String operationName, Boolean checkLive, Boolean validateChange)
   at Telerik.Sitefinity.Modules.Pages.Web.Services.ZoneEditorOperationValidationAttribute.BeforeCall(String operationName, Object[] inputs)
   at System.ServiceModel.Dispatcher.DispatchOperationRuntime.InspectInputsCore(MessageRpc& rpc)
   at System.ServiceModel.Dispatcher.DispatchOperationRuntime.InvokeBegin(MessageRpc& rpc)
   at System.ServiceModel.Dispatcher.ImmutableDispatchRuntime.ProcessMessage5(MessageRpc& rpc)
   at System.ServiceModel.Dispatcher.ImmutableDispatchRuntime.ProcessMessage41(MessageRpc& rpc)
   at System.ServiceModel.Dispatcher.ImmutableDispatchRuntime.ProcessMessage4(MessageRpc& rpc)
   at System.ServiceModel.Dispatcher.ImmutableDispatchRuntime.ProcessMessage31(MessageRpc& rpc)
   at System.ServiceModel.Dispatcher.ImmutableDispatchRuntime.ProcessMessage3(MessageRpc& rpc)
   at System.ServiceModel.Dispatcher.ImmutableDispatchRuntime.ProcessMessage2(MessageRpc& rpc)
   at System.ServiceModel.Dispatcher.ImmutableDispatchRuntime.ProcessMessage11(MessageRpc& rpc)
   at System.ServiceModel.Dispatcher.ImmutableDispatchRuntime.ProcessMessage1(MessageRpc& rpc)
   at System.ServiceModel.Dispatcher.MessageRpc.Process(Boolean isOperationContextSet)

Additional Info:

MachineName : DESKTOP-LF3RQ3G
TimeStamp : 2/22/2022 6:05:13 PM
FullName : Telerik.Sitefinity.Utilities, Version=14.0.7727.0, Culture=neutral, PublicKeyToken=b28c218413bdf563
AppDomainName : /LM/W3SVC/2/ROOT-1-132900261458930915
ThreadIdentity : zwilson@affirma.com
WindowsIdentity : AFFIRMA\zwilson
Requested URL : https://localhost:44310/Sitefinity/Services/Pages/ZoneEditorService.svc/Template/f011fcf2-49e5-4a73-89fe-785b36a6ef58/?package=Custom


Category: ErrorLog

Priority: 0

EventId: 90000

Severity: Error

Title:Enterprise Library Exception Handling

Machine: DESKTOP-LF3RQ3G

App Domain: /LM/W3SVC/2/ROOT-1-132900261458930915

ProcessId: 7752

Process Name: C:\Program Files (x86)\IIS Express\iisexpress.exe

Thread Name: 

Win32 ThreadId:28128

Extended Properties: 
----------------------------------------
----------------------------------------
ActivityId: 00000000-0000-0000-0000-000000000000

Timestamp: 2/22/2022 6:10:53 PM

Message: HandlingInstanceID: e0fe2adb-8839-4bf1-a1d2-a7c28d0bd933
An exception of type 'System.Web.HttpException' occurred and was caught.
------------------------------------------------------------------------
02/22/2022 12:10:53
Type : System.Web.HttpException, System.Web, Version=4.0.0.0, Culture=neutral, PublicKeyToken=b03f5f7f11d50a3a
Message : A potentially dangerous Request.Path value was detected from the client (:).
Source : System.Web
Help link : 
WebEventCode : 0
ErrorCode : -2147467259
Data : System.Collections.ListDictionaryInternal
TargetSite : Void ValidateInputIfRequiredByConfig()
HResult : -2147467259
Stack Trace :    at System.Web.HttpRequest.ValidateInputIfRequiredByConfig()
   at System.Web.HttpApplication.PipelineStepManager.ValidateHelper(HttpContext context)

Additional Info:

MachineName : DESKTOP-LF3RQ3G
TimeStamp : 2/22/2022 6:10:53 PM
FullName : Telerik.Sitefinity.Utilities, Version=14.0.7727.0, Culture=neutral, PublicKeyToken=b28c218413bdf563
AppDomainName : /LM/W3SVC/2/ROOT-1-132900261458930915
ThreadIdentity : 
WindowsIdentity : AFFIRMA\zwilson
Requested URL : https://localhost:44310/Sitefinity/adminapp/pages/(test/Action/Edit/en/dialog:confirm/...


Category: ErrorLog

Priority: 0

EventId: 90000

Severity: Error

Title:Enterprise Library Exception Handling

Machine: DESKTOP-LF3RQ3G

App Domain: /LM/W3SVC/2/ROOT-1-132900261458930915

ProcessId: 7752

Process Name: C:\Program Files (x86)\IIS Express\iisexpress.exe

Thread Name: 

Win32 ThreadId:17584

Extended Properties: 
----------------------------------------
----------------------------------------
ActivityId: 00000000-0000-0000-0000-000000000000

Timestamp: 2/22/2022 6:15:36 PM

Message: HandlingInstanceID: 8fb76455-41d0-468f-8c7c-90c4b77f8541
An exception of type 'System.Web.HttpException' occurred and was caught.
------------------------------------------------------------------------
02/22/2022 12:15:36
Type : System.Web.HttpException, System.Web, Version=4.0.0.0, Culture=neutral, PublicKeyToken=b03f5f7f11d50a3a
Message : A potentially dangerous Request.Path value was detected from the client (:).
Source : System.Web
Help link : 
WebEventCode : 0
ErrorCode : -2147467259
Data : System.Collections.ListDictionaryInternal
TargetSite : Void ValidateInputIfRequiredByConfig()
HResult : -2147467259
Stack Trace :    at System.Web.HttpRequest.ValidateInputIfRequiredByConfig()
   at System.Web.HttpApplication.PipelineStepManager.ValidateHelper(HttpContext context)

Additional Info:

MachineName : DESKTOP-LF3RQ3G
TimeStamp : 2/22/2022 6:15:36 PM
FullName : Telerik.Sitefinity.Utilities, Version=14.0.7727.0, Culture=neutral, PublicKeyToken=b28c218413bdf563
AppDomainName : /LM/W3SVC/2/ROOT-1-132900261458930915
ThreadIdentity : 
WindowsIdentity : AFFIRMA\zwilson
Requested URL : https://localhost:44310/Sitefinity/adminapp/pages/(test/Action/Edit/en/dialog:confirm/...


Category: ErrorLog

Priority: 0

EventId: 90000

Severity: Error

Title:Enterprise Library Exception Handling

Machine: DESKTOP-LF3RQ3G

App Domain: /LM/W3SVC/2/ROOT-1-132900261458930915

ProcessId: 7752

Process Name: C:\Program Files (x86)\IIS Express\iisexpress.exe

Thread Name: 

Win32 ThreadId:21388

Extended Properties: 
----------------------------------------
----------------------------------------
ActivityId: 00000000-0000-0000-0000-000000000000

Timestamp: 2/22/2022 7:08:39 PM

Message: HandlingInstanceID: ec5edda7-d916-4072-a4d4-756688bf5775
An exception of type 'System.Web.HttpException' occurred and was caught.
------------------------------------------------------------------------
02/22/2022 13:08:39
Type : System.Web.HttpException, System.Web, Version=4.0.0.0, Culture=neutral, PublicKeyToken=b03f5f7f11d50a3a
Message : A potentially dangerous Request.Path value was detected from the client (:).
Source : System.Web
Help link : 
WebEventCode : 0
ErrorCode : -2147467259
Data : System.Collections.ListDictionaryInternal
TargetSite : Void ValidateInputIfRequiredByConfig()
HResult : -2147467259
Stack Trace :    at System.Web.HttpRequest.ValidateInputIfRequiredByConfig()
   at System.Web.HttpApplication.PipelineStepManager.ValidateHelper(HttpContext context)

Additional Info:

MachineName : DESKTOP-LF3RQ3G
TimeStamp : 2/22/2022 7:08:39 PM
FullName : Telerik.Sitefinity.Utilities, Version=14.0.7727.0, Culture=neutral, PublicKeyToken=b28c218413bdf563
AppDomainName : /LM/W3SVC/2/ROOT-1-132900261458930915
ThreadIdentity : 
WindowsIdentity : AFFIRMA\zwilson
Requested URL : https://localhost:44310/Sitefinity/adminapp/pages/(test/Action/Edit/en/dialog:confirm/...


Category: ErrorLog

Priority: 0

EventId: 90000

Severity: Error

Title:Enterprise Library Exception Handling

Machine: DESKTOP-LF3RQ3G

App Domain: /LM/W3SVC/2/ROOT-1-132900261458930915

ProcessId: 7752

Process Name: C:\Program Files (x86)\IIS Express\iisexpress.exe

Thread Name: 

Win32 ThreadId:26340

Extended Properties: 
----------------------------------------
----------------------------------------
ActivityId: 00000000-0000-0000-0000-000000000000

Timestamp: 2/22/2022 7:10:53 PM

Message: HandlingInstanceID: f8ab9989-1dde-4fa2-a734-6f2df87f81d0
An exception of type 'System.Web.HttpException' occurred and was caught.
------------------------------------------------------------------------
02/22/2022 13:10:53
Type : System.Web.HttpException, System.Web, Version=4.0.0.0, Culture=neutral, PublicKeyToken=b03f5f7f11d50a3a
Message : A potentially dangerous Request.Path value was detected from the client (:).
Source : System.Web
Help link : 
WebEventCode : 0
ErrorCode : -2147467259
Data : System.Collections.ListDictionaryInternal
TargetSite : Void ValidateInputIfRequiredByConfig()
HResult : -2147467259
Stack Trace :    at System.Web.HttpRequest.ValidateInputIfRequiredByConfig()
   at System.Web.HttpApplication.PipelineStepManager.ValidateHelper(HttpContext context)

Additional Info:

MachineName : DESKTOP-LF3RQ3G
TimeStamp : 2/22/2022 7:10:53 PM
FullName : Telerik.Sitefinity.Utilities, Version=14.0.7727.0, Culture=neutral, PublicKeyToken=b28c218413bdf563
AppDomainName : /LM/W3SVC/2/ROOT-1-132900261458930915
ThreadIdentity : 
WindowsIdentity : AFFIRMA\zwilson
Requested URL : https://localhost:44310/Sitefinity/adminapp/pages/(test/Action/Edit/en/dialog:confirm/editWidgetPropsBasic)


Category: ErrorLog

Priority: 0

EventId: 90000

Severity: Error

Title:Enterprise Library Exception Handling

Machine: DESKTOP-LF3RQ3G

App Domain: /LM/W3SVC/2/ROOT-1-132900261458930915

ProcessId: 7752

Process Name: C:\Program Files (x86)\IIS Express\iisexpress.exe

Thread Name: 

Win32 ThreadId:18084

Extended Properties: 
----------------------------------------
----------------------------------------
ActivityId: 00000000-0000-0000-0000-000000000000

Timestamp: 2/22/2022 7:13:56 PM

Message: HandlingInstanceID: 3777375a-4673-402a-8f2a-f435446f9ceb
An exception of type 'System.Web.HttpException' occurred and was caught.
------------------------------------------------------------------------
02/22/2022 13:13:56
Type : System.Web.HttpException, System.Web, Version=4.0.0.0, Culture=neutral, PublicKeyToken=b03f5f7f11d50a3a
Message : A potentially dangerous Request.Path value was detected from the client (:).
Source : System.Web
Help link : 
WebEventCode : 0
ErrorCode : -2147467259
Data : System.Collections.ListDictionaryInternal
TargetSite : Void ValidateInputIfRequiredByConfig()
HResult : -2147467259
Stack Trace :    at System.Web.HttpRequest.ValidateInputIfRequiredByConfig()
   at System.Web.HttpApplication.PipelineStepManager.ValidateHelper(HttpContext context)

Additional Info:

MachineName : DESKTOP-LF3RQ3G
TimeStamp : 2/22/2022 7:13:56 PM
FullName : Telerik.Sitefinity.Utilities, Version=14.0.7727.0, Culture=neutral, PublicKeyToken=b28c218413bdf563
AppDomainName : /LM/W3SVC/2/ROOT-1-132900261458930915
ThreadIdentity : 
WindowsIdentity : AFFIRMA\zwilson
Requested URL : https://localhost:44310/Sitefinity/adminapp/pages/(test/Action/Edit/en/dialog:confirm/editWidgetPropsBasic)


Category: ErrorLog

Priority: 0

EventId: 90000

Severity: Error

Title:Enterprise Library Exception Handling

Machine: DESKTOP-LF3RQ3G

App Domain: /LM/W3SVC/2/ROOT-1-132900261458930915

ProcessId: 7752

Process Name: C:\Program Files (x86)\IIS Express\iisexpress.exe

Thread Name: 

Win32 ThreadId:22808

Extended Properties: 
----------------------------------------
