----------------------------------------
Timestamp: 2/22/2022 5:56:59 PM

Message: Scheduler: Task executed: 'Telerik.Sitefinity.Versioning.Cleaner.VersioningCleanerTask'. Start time: 2/22/2022 5:56:59 PM. End time: 2/22/2022 5:56:59 PM. Task data: ''


----------------------------------------
----------------------------------------
Timestamp: 2/22/2022 5:56:59 PM

Message: Scheduler: Task executed: 'Telerik.Sitefinity.ServiceHooks.Scheduling.ServiceHooksActivitiesCleanupTask'. Start time: 2/22/2022 5:56:59 PM. End time: 2/22/2022 5:56:59 PM. Task data: ''


----------------------------------------
----------------------------------------
Timestamp: 2/22/2022 5:57:01 PM

Message: Scheduler: Task executed: 'Telerik.Sitefinity.Lifecycle.Cleanup.TempItemsCleanupTask'. Start time: 2/22/2022 5:56:59 PM. End time: 2/22/2022 5:57:01 PM. Task data: ''


----------------------------------------
----------------------------------------
Timestamp: 2/22/2022 5:57:02 PM

Message: Scheduler: Task executed: 'Telerik.Sitefinity.UsageTracking.Scheduling.UsageTrackingTask'. Start time: 2/22/2022 5:56:59 PM. End time: 2/22/2022 5:57:02 PM. Task data: ''


----------------------------------------
----------------------------------------
Timestamp: 2/23/2022 1:59:42 PM

Message: Scheduler: Task executed: 'Telerik.Sitefinity.Versioning.Cleaner.VersioningCleanerTask'. Start time: 2/23/2022 1:59:42 PM. End time: 2/23/2022 1:59:42 PM. Task data: ''


----------------------------------------
----------------------------------------
Timestamp: 2/23/2022 1:59:42 PM

Message: Scheduler: Task executed: 'Telerik.Sitefinity.ServiceHooks.Scheduling.ServiceHooksActivitiesCleanupTask'. Start time: 2/23/2022 1:59:42 PM. End time: 2/23/2022 1:59:42 PM. Task data: ''


----------------------------------------
----------------------------------------
Timestamp: 2/23/2022 1:59:46 PM

Message: Scheduler: Task executed: 'Telerik.Sitefinity.UsageTracking.Scheduling.UsageTrackingTask'. Start time: 2/23/2022 1:59:42 PM. End time: 2/23/2022 1:59:46 PM. Task data: ''


----------------------------------------
