----------------------------------------
Timestamp: 2/6/2022 5:59:05 PM

Message: Scheduler: Task executed: 'Telerik.Sitefinity.ServiceHooks.Scheduling.ServiceHooksActivitiesCleanupTask'. Start time: 2/6/2022 5:59:05 PM. End time: 2/6/2022 5:59:05 PM. Task data: ''


----------------------------------------
----------------------------------------
Timestamp: 2/6/2022 5:59:05 PM

Message: Scheduler: Task executed: 'Telerik.Sitefinity.Versioning.Cleaner.VersioningCleanerTask'. Start time: 2/6/2022 5:59:05 PM. End time: 2/6/2022 5:59:05 PM. Task data: ''


----------------------------------------
----------------------------------------
Timestamp: 2/6/2022 5:59:06 PM

Message: Scheduler: Task executed: 'Telerik.Sitefinity.Lifecycle.Cleanup.TempItemsCleanupTask'. Start time: 2/6/2022 5:59:05 PM. End time: 2/6/2022 5:59:06 PM. Task data: ''


----------------------------------------
----------------------------------------
Timestamp: 2/6/2022 5:59:08 PM

Message: Scheduler: Task executed: 'Telerik.Sitefinity.UsageTracking.Scheduling.UsageTrackingTask'. Start time: 2/6/2022 5:59:05 PM. End time: 2/6/2022 5:59:08 PM. Task data: ''


----------------------------------------
----------------------------------------
Timestamp: 2/7/2022 3:39:03 PM

Message: Scheduler: Task executed: 'Telerik.Sitefinity.Versioning.Cleaner.VersioningCleanerTask'. Start time: 2/7/2022 3:39:03 PM. End time: 2/7/2022 3:39:03 PM. Task data: ''


----------------------------------------
----------------------------------------
Timestamp: 2/7/2022 3:39:03 PM

Message: Scheduler: Task executed: 'Telerik.Sitefinity.ServiceHooks.Scheduling.ServiceHooksActivitiesCleanupTask'. Start time: 2/7/2022 3:39:03 PM. End time: 2/7/2022 3:39:03 PM. Task data: ''


----------------------------------------
----------------------------------------
Timestamp: 2/7/2022 3:39:04 PM

Message: Scheduler: Task executed: 'Telerik.Sitefinity.UsageTracking.Scheduling.UsageTrackingTask'. Start time: 2/7/2022 3:39:03 PM. End time: 2/7/2022 3:39:04 PM. Task data: ''


----------------------------------------
